2025-01-22T13:35:34.337+01:00  INFO 23056 --- [payMyBuddy] [http-nio-5000-exec-1] o.a.c.c.C.[Tomcat].[localhost].[/]       : Initializing Spring DispatcherServlet 'dispatcherServlet'
2025-01-22T13:35:34.338+01:00  INFO 23056 --- [payMyBuddy] [http-nio-5000-exec-1] o.s.web.servlet.DispatcherServlet        : Initializing Servlet 'dispatcherServlet'
2025-01-22T13:35:34.345+01:00  INFO 23056 --- [payMyBuddy] [http-nio-5000-exec-1] o.s.web.servlet.DispatcherServlet        : Completed initialization in 7 ms
2025-01-22T13:35:34.347+01:00  INFO 23056 --- [payMyBuddy] [http-nio-5000-exec-1] c.o.p.w.c.AuthenticationController       : Loading the registration page
2025-01-22T13:35:38.594+01:00  WARN 23056 --- [payMyBuddy] [http-nio-5000-exec-2] c.o.payMyBuddy.service.UserService       : User already exists with email or username: johny@example.com
2025-01-22T13:35:38.608+01:00  INFO 23056 --- [payMyBuddy] [http-nio-5000-exec-4] c.o.p.w.c.AuthenticationController       : Loading the login page
2025-01-22T13:35:56.425+01:00 DEBUG 23056 --- [payMyBuddy] [http-nio-5000-exec-6] c.o.p.w.c.AuthenticationController       : Login error : Identifiant ou mot de passe incorrecte.
2025-01-22T13:35:56.441+01:00  INFO 23056 --- [payMyBuddy] [http-nio-5000-exec-7] c.o.p.w.c.AuthenticationController       : Loading the login page
2025-01-22T13:40:39.057+01:00  INFO 23056 --- [payMyBuddy] [File Watcher] rtingClassPathChangeChangedEventListener : Restarting due to 1 class path change (0 additions, 0 deletions, 1 modification)
2025-01-22T13:40:39.058+01:00  INFO 23056 --- [payMyBuddy] [Thread-19] o.s.b.w.e.tomcat.GracefulShutdown        : Commencing graceful shutdown. Waiting for active requests to complete
2025-01-22T13:40:39.575+01:00  INFO 23056 --- [payMyBuddy] [tomcat-shutdown] o.s.b.w.e.tomcat.GracefulShutdown        : Graceful shutdown complete
2025-01-22T13:40:39.576+01:00 ERROR 23056 --- [payMyBuddy] [http-nio-5000-Acceptor] org.apache.tomcat.util.net.Acceptor      : Socket accept failed

java.nio.channels.AsynchronousCloseException: null
	at java.base/java.nio.channels.spi.AbstractInterruptibleChannel.end(AbstractInterruptibleChannel.java:203) ~[na:na]
	at java.base/sun.nio.ch.ServerSocketChannelImpl.end(ServerSocketChannelImpl.java:383) ~[na:na]
	at java.base/sun.nio.ch.ServerSocketChannelImpl.accept(ServerSocketChannelImpl.java:407) ~[na:na]
	at org.apache.tomcat.util.net.NioEndpoint.serverSocketAccept(NioEndpoint.java:518) ~[tomcat-embed-core-10.1.34.jar:10.1.34]
	at org.apache.tomcat.util.net.NioEndpoint.serverSocketAccept(NioEndpoint.java:71) ~[tomcat-embed-core-10.1.34.jar:10.1.34]
	at org.apache.tomcat.util.net.Acceptor.run(Acceptor.java:128) ~[tomcat-embed-core-10.1.34.jar:10.1.34]
	at java.base/java.lang.Thread.run(Thread.java:1570) ~[na:na]

2025-01-22T13:40:39.581+01:00  WARN 23056 --- [payMyBuddy] [Thread-19] .s.c.a.CommonAnnotationBeanPostProcessor : Destroy method on bean with name 'appShutdownHandler' threw an exception: java.lang.IllegalStateException: No thread-bound request found: Are you referring to request attributes outside of an actual web request, or processing a request outside of the originally receiving thread? If you are actually operating within a web request and still receive this message, your code is probably running outside of DispatcherServlet: In this case, use RequestContextListener or RequestContextFilter to expose the current request.
2025-01-22T13:40:39.581+01:00  INFO 23056 --- [payMyBuddy] [Thread-19] j.LocalContainerEntityManagerFactoryBean : Closing JPA EntityManagerFactory for persistence unit 'default'
2025-01-22T13:40:39.581+01:00  INFO 23056 --- [payMyBuddy] [Thread-19] com.zaxxer.hikari.HikariDataSource       : HikariPool-5 - Shutdown initiated...
2025-01-22T13:40:39.589+01:00  INFO 23056 --- [payMyBuddy] [Thread-19] com.zaxxer.hikari.HikariDataSource       : HikariPool-5 - Shutdown completed.
2025-01-22T13:40:39.654+01:00  INFO 23056 --- [payMyBuddy] [restartedMain] c.o.payMyBuddy.PayMyBuddyApplication     : Starting PayMyBuddyApplication using Java 22.0.1 with PID 23056 (C:\Users\martel\Desktop\1-dev java\P6\P6-App\QuentinDevJava-Martel-Quentin-Pay-My-Buddy\target\classes started by martel in C:\Users\martel\Desktop\1-dev java\P6\P6-App\QuentinDevJava-Martel-Quentin-Pay-My-Buddy)
2025-01-22T13:40:39.654+01:00 DEBUG 23056 --- [payMyBuddy] [restartedMain] c.o.payMyBuddy.PayMyBuddyApplication     : Running with Spring Boot v3.4.1, Spring v6.2.1
2025-01-22T13:40:39.654+01:00  INFO 23056 --- [payMyBuddy] [restartedMain] c.o.payMyBuddy.PayMyBuddyApplication     : The following 1 profile is active: "prod"
2025-01-22T13:40:39.749+01:00  INFO 23056 --- [payMyBuddy] [restartedMain] .s.d.r.c.RepositoryConfigurationDelegate : Bootstrapping Spring Data JPA repositories in DEFAULT mode.
2025-01-22T13:40:39.757+01:00  INFO 23056 --- [payMyBuddy] [restartedMain] .s.d.r.c.RepositoryConfigurationDelegate : Finished Spring Data repository scanning in 8 ms. Found 2 JPA repository interfaces.
2025-01-22T13:40:39.824+01:00  INFO 23056 --- [payMyBuddy] [restartedMain] o.s.b.w.embedded.tomcat.TomcatWebServer  : Tomcat initialized with port 5000 (http)
2025-01-22T13:40:39.826+01:00  INFO 23056 --- [payMyBuddy] [restartedMain] o.apache.catalina.core.StandardService   : Starting service [Tomcat]
2025-01-22T13:40:39.826+01:00  INFO 23056 --- [payMyBuddy] [restartedMain] o.apache.catalina.core.StandardEngine    : Starting Servlet engine: [Apache Tomcat/10.1.34]
2025-01-22T13:40:39.842+01:00  INFO 23056 --- [payMyBuddy] [restartedMain] o.a.c.c.C.[Tomcat].[localhost].[/]       : Initializing Spring embedded WebApplicationContext
2025-01-22T13:40:39.843+01:00  INFO 23056 --- [payMyBuddy] [restartedMain] w.s.c.ServletWebServerApplicationContext : Root WebApplicationContext: initialization completed in 188 ms
2025-01-22T13:40:39.861+01:00  INFO 23056 --- [payMyBuddy] [restartedMain] com.zaxxer.hikari.HikariDataSource       : HikariPool-6 - Starting...
2025-01-22T13:40:39.866+01:00  INFO 23056 --- [payMyBuddy] [restartedMain] com.zaxxer.hikari.pool.HikariPool        : HikariPool-6 - Added connection com.mysql.cj.jdbc.ConnectionImpl@44696b80
2025-01-22T13:40:39.866+01:00  INFO 23056 --- [payMyBuddy] [restartedMain] com.zaxxer.hikari.HikariDataSource       : HikariPool-6 - Start completed.
2025-01-22T13:40:39.877+01:00  INFO 23056 --- [payMyBuddy] [restartedMain] o.hibernate.jpa.internal.util.LogHelper  : HHH000204: Processing PersistenceUnitInfo [name: default]
2025-01-22T13:40:39.879+01:00  INFO 23056 --- [payMyBuddy] [restartedMain] o.h.c.internal.RegionFactoryInitiator    : HHH000026: Second-level cache disabled
2025-01-22T13:40:39.885+01:00  INFO 23056 --- [payMyBuddy] [restartedMain] o.s.o.j.p.SpringPersistenceUnitInfo      : No LoadTimeWeaver setup: ignoring JPA class transformer
2025-01-22T13:40:39.886+01:00  WARN 23056 --- [payMyBuddy] [restartedMain] org.hibernate.dialect.Dialect            : HHH000511: The 5.5.5 version for [org.hibernate.dialect.MySQLDialect] is no longer supported, hence certain features may not work properly. The minimum supported version is 8.0.0. Check the community dialects project for available legacy versions.
2025-01-22T13:40:39.887+01:00  INFO 23056 --- [payMyBuddy] [restartedMain] org.hibernate.orm.connections.pooling    : HHH10001005: Database info:
	Database JDBC URL [Connecting through datasource 'HikariDataSource (HikariPool-6)']
	Database driver: undefined/unknown
	Database version: 5.5.5
	Autocommit mode: undefined/unknown
	Isolation level: undefined/unknown
	Minimum pool size: undefined/unknown
	Maximum pool size: undefined/unknown
2025-01-22T13:40:39.928+01:00  INFO 23056 --- [payMyBuddy] [restartedMain] o.h.e.t.j.p.i.JtaPlatformInitiator       : HHH000489: No JTA platform available (set 'hibernate.transaction.jta.platform' to enable JTA platform integration)
2025-01-22T13:40:39.928+01:00  INFO 23056 --- [payMyBuddy] [restartedMain] j.LocalContainerEntityManagerFactoryBean : Initialized JPA EntityManagerFactory for persistence unit 'default'
2025-01-22T13:40:39.987+01:00  WARN 23056 --- [payMyBuddy] [restartedMain] JpaBaseConfiguration$JpaWebConfiguration : spring.jpa.open-in-view is enabled by default. Therefore, database queries may be performed during view rendering. Explicitly configure spring.jpa.open-in-view to disable this warning
2025-01-22T13:40:40.047+01:00  INFO 23056 --- [payMyBuddy] [restartedMain] o.s.b.a.h2.H2ConsoleAutoConfiguration    : H2 console available at '/h2-console'. Database available at 'jdbc:mysql://localhost:3306/paymybuddy'
2025-01-22T13:40:40.058+01:00  INFO 23056 --- [payMyBuddy] [restartedMain] o.s.b.d.a.OptionalLiveReloadServer       : LiveReload server is running on port 35729
2025-01-22T13:40:40.067+01:00  INFO 23056 --- [payMyBuddy] [restartedMain] o.s.b.w.embedded.tomcat.TomcatWebServer  : Tomcat started on port 5000 (http) with context path '/'
2025-01-22T13:40:40.071+01:00  INFO 23056 --- [payMyBuddy] [restartedMain] c.o.payMyBuddy.PayMyBuddyApplication     : Started PayMyBuddyApplication in 0.437 seconds (process running for 1162.24)
2025-01-22T13:40:40.073+01:00  INFO 23056 --- [payMyBuddy] [restartedMain] .ConditionEvaluationDeltaLoggingListener : Condition evaluation unchanged
2025-01-22T13:40:45.810+01:00  INFO 23056 --- [payMyBuddy] [http-nio-5000-exec-6] o.a.c.c.C.[Tomcat].[localhost].[/]       : Initializing Spring DispatcherServlet 'dispatcherServlet'
2025-01-22T13:40:45.811+01:00  INFO 23056 --- [payMyBuddy] [http-nio-5000-exec-6] o.s.web.servlet.DispatcherServlet        : Initializing Servlet 'dispatcherServlet'
2025-01-22T13:40:45.811+01:00  INFO 23056 --- [payMyBuddy] [http-nio-5000-exec-6] o.s.web.servlet.DispatcherServlet        : Completed initialization in 0 ms
2025-01-22T13:40:45.812+01:00  INFO 23056 --- [payMyBuddy] [http-nio-5000-exec-6] c.o.p.w.c.AuthenticationController       : Loading the registration page
2025-01-22T13:40:49.327+01:00  WARN 23056 --- [payMyBuddy] [http-nio-5000-exec-3] c.o.payMyBuddy.service.UserService       : User already exists with email or username: johny@example.com
2025-01-22T13:40:49.327+01:00 DEBUG 23056 --- [payMyBuddy] [http-nio-5000-exec-3] c.o.p.w.c.AuthenticationController       : User already exists : Username = johny, Email = johny@example.com
2025-01-22T13:40:49.338+01:00  INFO 23056 --- [payMyBuddy] [http-nio-5000-exec-5] c.o.p.w.c.AuthenticationController       : Loading the login page
2025-01-22T13:41:44.263+01:00  INFO 23056 --- [payMyBuddy] [File Watcher] rtingClassPathChangeChangedEventListener : Restarting due to 1 class path change (0 additions, 0 deletions, 1 modification)
2025-01-22T13:41:44.265+01:00  INFO 23056 --- [payMyBuddy] [Thread-23] o.s.b.w.e.tomcat.GracefulShutdown        : Commencing graceful shutdown. Waiting for active requests to complete
2025-01-22T13:41:44.853+01:00  INFO 23056 --- [payMyBuddy] [tomcat-shutdown] o.s.b.w.e.tomcat.GracefulShutdown        : Graceful shutdown complete
2025-01-22T13:41:44.853+01:00 ERROR 23056 --- [payMyBuddy] [http-nio-5000-Acceptor] org.apache.tomcat.util.net.Acceptor      : Socket accept failed

java.nio.channels.AsynchronousCloseException: null
	at java.base/java.nio.channels.spi.AbstractInterruptibleChannel.end(AbstractInterruptibleChannel.java:203) ~[na:na]
	at java.base/sun.nio.ch.ServerSocketChannelImpl.end(ServerSocketChannelImpl.java:383) ~[na:na]
	at java.base/sun.nio.ch.ServerSocketChannelImpl.accept(ServerSocketChannelImpl.java:407) ~[na:na]
	at org.apache.tomcat.util.net.NioEndpoint.serverSocketAccept(NioEndpoint.java:518) ~[tomcat-embed-core-10.1.34.jar:10.1.34]
	at org.apache.tomcat.util.net.NioEndpoint.serverSocketAccept(NioEndpoint.java:71) ~[tomcat-embed-core-10.1.34.jar:10.1.34]
	at org.apache.tomcat.util.net.Acceptor.run(Acceptor.java:128) ~[tomcat-embed-core-10.1.34.jar:10.1.34]
	at java.base/java.lang.Thread.run(Thread.java:1570) ~[na:na]

2025-01-22T13:41:44.857+01:00  WARN 23056 --- [payMyBuddy] [Thread-23] .s.c.a.CommonAnnotationBeanPostProcessor : Destroy method on bean with name 'appShutdownHandler' threw an exception: java.lang.IllegalStateException: No thread-bound request found: Are you referring to request attributes outside of an actual web request, or processing a request outside of the originally receiving thread? If you are actually operating within a web request and still receive this message, your code is probably running outside of DispatcherServlet: In this case, use RequestContextListener or RequestContextFilter to expose the current request.
2025-01-22T13:41:44.858+01:00  INFO 23056 --- [payMyBuddy] [Thread-23] j.LocalContainerEntityManagerFactoryBean : Closing JPA EntityManagerFactory for persistence unit 'default'
2025-01-22T13:41:44.859+01:00  INFO 23056 --- [payMyBuddy] [Thread-23] com.zaxxer.hikari.HikariDataSource       : HikariPool-6 - Shutdown initiated...
2025-01-22T13:41:44.863+01:00  INFO 23056 --- [payMyBuddy] [Thread-23] com.zaxxer.hikari.HikariDataSource       : HikariPool-6 - Shutdown completed.
2025-01-22T13:41:44.935+01:00  INFO 23056 --- [payMyBuddy] [restartedMain] c.o.payMyBuddy.PayMyBuddyApplication     : Starting PayMyBuddyApplication using Java 22.0.1 with PID 23056 (C:\Users\martel\Desktop\1-dev java\P6\P6-App\QuentinDevJava-Martel-Quentin-Pay-My-Buddy\target\classes started by martel in C:\Users\martel\Desktop\1-dev java\P6\P6-App\QuentinDevJava-Martel-Quentin-Pay-My-Buddy)
2025-01-22T13:41:44.935+01:00 DEBUG 23056 --- [payMyBuddy] [restartedMain] c.o.payMyBuddy.PayMyBuddyApplication     : Running with Spring Boot v3.4.1, Spring v6.2.1
2025-01-22T13:41:44.935+01:00  INFO 23056 --- [payMyBuddy] [restartedMain] c.o.payMyBuddy.PayMyBuddyApplication     : The following 1 profile is active: "prod"
2025-01-22T13:41:45.034+01:00  INFO 23056 --- [payMyBuddy] [restartedMain] .s.d.r.c.RepositoryConfigurationDelegate : Bootstrapping Spring Data JPA repositories in DEFAULT mode.
2025-01-22T13:41:45.045+01:00  INFO 23056 --- [payMyBuddy] [restartedMain] .s.d.r.c.RepositoryConfigurationDelegate : Finished Spring Data repository scanning in 9 ms. Found 2 JPA repository interfaces.
2025-01-22T13:41:45.101+01:00  INFO 23056 --- [payMyBuddy] [restartedMain] o.s.b.w.embedded.tomcat.TomcatWebServer  : Tomcat initialized with port 5000 (http)
2025-01-22T13:41:45.101+01:00  INFO 23056 --- [payMyBuddy] [restartedMain] o.apache.catalina.core.StandardService   : Starting service [Tomcat]
2025-01-22T13:41:45.101+01:00  INFO 23056 --- [payMyBuddy] [restartedMain] o.apache.catalina.core.StandardEngine    : Starting Servlet engine: [Apache Tomcat/10.1.34]
2025-01-22T13:41:45.118+01:00  INFO 23056 --- [payMyBuddy] [restartedMain] o.a.c.c.C.[Tomcat].[localhost].[/]       : Initializing Spring embedded WebApplicationContext
2025-01-22T13:41:45.118+01:00  INFO 23056 --- [payMyBuddy] [restartedMain] w.s.c.ServletWebServerApplicationContext : Root WebApplicationContext: initialization completed in 181 ms
2025-01-22T13:41:45.141+01:00  INFO 23056 --- [payMyBuddy] [restartedMain] com.zaxxer.hikari.HikariDataSource       : HikariPool-7 - Starting...
2025-01-22T13:41:45.145+01:00  INFO 23056 --- [payMyBuddy] [restartedMain] com.zaxxer.hikari.pool.HikariPool        : HikariPool-7 - Added connection com.mysql.cj.jdbc.ConnectionImpl@48c5dc2e
2025-01-22T13:41:45.145+01:00  INFO 23056 --- [payMyBuddy] [restartedMain] com.zaxxer.hikari.HikariDataSource       : HikariPool-7 - Start completed.
2025-01-22T13:41:45.156+01:00  INFO 23056 --- [payMyBuddy] [restartedMain] o.hibernate.jpa.internal.util.LogHelper  : HHH000204: Processing PersistenceUnitInfo [name: default]
2025-01-22T13:41:45.158+01:00  INFO 23056 --- [payMyBuddy] [restartedMain] o.h.c.internal.RegionFactoryInitiator    : HHH000026: Second-level cache disabled
2025-01-22T13:41:45.163+01:00  INFO 23056 --- [payMyBuddy] [restartedMain] o.s.o.j.p.SpringPersistenceUnitInfo      : No LoadTimeWeaver setup: ignoring JPA class transformer
2025-01-22T13:41:45.166+01:00  WARN 23056 --- [payMyBuddy] [restartedMain] org.hibernate.dialect.Dialect            : HHH000511: The 5.5.5 version for [org.hibernate.dialect.MySQLDialect] is no longer supported, hence certain features may not work properly. The minimum supported version is 8.0.0. Check the community dialects project for available legacy versions.
2025-01-22T13:41:45.166+01:00  INFO 23056 --- [payMyBuddy] [restartedMain] org.hibernate.orm.connections.pooling    : HHH10001005: Database info:
	Database JDBC URL [Connecting through datasource 'HikariDataSource (HikariPool-7)']
	Database driver: undefined/unknown
	Database version: 5.5.5
	Autocommit mode: undefined/unknown
	Isolation level: undefined/unknown
	Minimum pool size: undefined/unknown
	Maximum pool size: undefined/unknown
2025-01-22T13:41:45.224+01:00  INFO 23056 --- [payMyBuddy] [restartedMain] o.h.e.t.j.p.i.JtaPlatformInitiator       : HHH000489: No JTA platform available (set 'hibernate.transaction.jta.platform' to enable JTA platform integration)
2025-01-22T13:41:45.225+01:00  INFO 23056 --- [payMyBuddy] [restartedMain] j.LocalContainerEntityManagerFactoryBean : Initialized JPA EntityManagerFactory for persistence unit 'default'
2025-01-22T13:41:45.288+01:00  WARN 23056 --- [payMyBuddy] [restartedMain] JpaBaseConfiguration$JpaWebConfiguration : spring.jpa.open-in-view is enabled by default. Therefore, database queries may be performed during view rendering. Explicitly configure spring.jpa.open-in-view to disable this warning
2025-01-22T13:41:45.341+01:00  INFO 23056 --- [payMyBuddy] [restartedMain] o.s.b.a.h2.H2ConsoleAutoConfiguration    : H2 console available at '/h2-console'. Database available at 'jdbc:mysql://localhost:3306/paymybuddy'
2025-01-22T13:41:45.347+01:00  INFO 23056 --- [payMyBuddy] [restartedMain] o.s.b.d.a.OptionalLiveReloadServer       : LiveReload server is running on port 35729
2025-01-22T13:41:45.356+01:00  INFO 23056 --- [payMyBuddy] [restartedMain] o.s.b.w.embedded.tomcat.TomcatWebServer  : Tomcat started on port 5000 (http) with context path '/'
2025-01-22T13:41:45.359+01:00  INFO 23056 --- [payMyBuddy] [restartedMain] c.o.payMyBuddy.PayMyBuddyApplication     : Started PayMyBuddyApplication in 0.444 seconds (process running for 1227.527)
2025-01-22T13:41:45.360+01:00  INFO 23056 --- [payMyBuddy] [restartedMain] .ConditionEvaluationDeltaLoggingListener : Condition evaluation unchanged
2025-01-22T13:41:46.802+01:00  INFO 23056 --- [payMyBuddy] [File Watcher] rtingClassPathChangeChangedEventListener : Restarting due to 1 class path change (0 additions, 0 deletions, 1 modification)
2025-01-22T13:41:46.803+01:00  INFO 23056 --- [payMyBuddy] [Thread-27] o.s.b.w.e.tomcat.GracefulShutdown        : Commencing graceful shutdown. Waiting for active requests to complete
2025-01-22T13:41:47.333+01:00  INFO 23056 --- [payMyBuddy] [tomcat-shutdown] o.s.b.w.e.tomcat.GracefulShutdown        : Graceful shutdown complete
2025-01-22T13:41:47.334+01:00 ERROR 23056 --- [payMyBuddy] [http-nio-5000-Acceptor] org.apache.tomcat.util.net.Acceptor      : Socket accept failed

java.nio.channels.AsynchronousCloseException: null
	at java.base/java.nio.channels.spi.AbstractInterruptibleChannel.end(AbstractInterruptibleChannel.java:203) ~[na:na]
	at java.base/sun.nio.ch.ServerSocketChannelImpl.end(ServerSocketChannelImpl.java:383) ~[na:na]
	at java.base/sun.nio.ch.ServerSocketChannelImpl.accept(ServerSocketChannelImpl.java:407) ~[na:na]
	at org.apache.tomcat.util.net.NioEndpoint.serverSocketAccept(NioEndpoint.java:518) ~[tomcat-embed-core-10.1.34.jar:10.1.34]
	at org.apache.tomcat.util.net.NioEndpoint.serverSocketAccept(NioEndpoint.java:71) ~[tomcat-embed-core-10.1.34.jar:10.1.34]
	at org.apache.tomcat.util.net.Acceptor.run(Acceptor.java:128) ~[tomcat-embed-core-10.1.34.jar:10.1.34]
	at java.base/java.lang.Thread.run(Thread.java:1570) ~[na:na]

2025-01-22T13:41:47.337+01:00  WARN 23056 --- [payMyBuddy] [Thread-27] .s.c.a.CommonAnnotationBeanPostProcessor : Destroy method on bean with name 'appShutdownHandler' threw an exception: java.lang.IllegalStateException: No thread-bound request found: Are you referring to request attributes outside of an actual web request, or processing a request outside of the originally receiving thread? If you are actually operating within a web request and still receive this message, your code is probably running outside of DispatcherServlet: In this case, use RequestContextListener or RequestContextFilter to expose the current request.
2025-01-22T13:41:47.337+01:00  INFO 23056 --- [payMyBuddy] [Thread-27] j.LocalContainerEntityManagerFactoryBean : Closing JPA EntityManagerFactory for persistence unit 'default'
2025-01-22T13:41:47.337+01:00  INFO 23056 --- [payMyBuddy] [Thread-27] com.zaxxer.hikari.HikariDataSource       : HikariPool-7 - Shutdown initiated...
2025-01-22T13:41:47.348+01:00  INFO 23056 --- [payMyBuddy] [Thread-27] com.zaxxer.hikari.HikariDataSource       : HikariPool-7 - Shutdown completed.
2025-01-22T13:41:47.418+01:00  INFO 23056 --- [payMyBuddy] [restartedMain] c.o.payMyBuddy.PayMyBuddyApplication     : Starting PayMyBuddyApplication using Java 22.0.1 with PID 23056 (C:\Users\martel\Desktop\1-dev java\P6\P6-App\QuentinDevJava-Martel-Quentin-Pay-My-Buddy\target\classes started by martel in C:\Users\martel\Desktop\1-dev java\P6\P6-App\QuentinDevJava-Martel-Quentin-Pay-My-Buddy)
2025-01-22T13:41:47.418+01:00 DEBUG 23056 --- [payMyBuddy] [restartedMain] c.o.payMyBuddy.PayMyBuddyApplication     : Running with Spring Boot v3.4.1, Spring v6.2.1
2025-01-22T13:41:47.418+01:00  INFO 23056 --- [payMyBuddy] [restartedMain] c.o.payMyBuddy.PayMyBuddyApplication     : The following 1 profile is active: "prod"
2025-01-22T13:41:47.517+01:00  INFO 23056 --- [payMyBuddy] [restartedMain] .s.d.r.c.RepositoryConfigurationDelegate : Bootstrapping Spring Data JPA repositories in DEFAULT mode.
2025-01-22T13:41:47.525+01:00  INFO 23056 --- [payMyBuddy] [restartedMain] .s.d.r.c.RepositoryConfigurationDelegate : Finished Spring Data repository scanning in 6 ms. Found 2 JPA repository interfaces.
2025-01-22T13:41:47.601+01:00  INFO 23056 --- [payMyBuddy] [restartedMain] o.s.b.w.embedded.tomcat.TomcatWebServer  : Tomcat initialized with port 5000 (http)
2025-01-22T13:41:47.602+01:00  INFO 23056 --- [payMyBuddy] [restartedMain] o.apache.catalina.core.StandardService   : Starting service [Tomcat]
2025-01-22T13:41:47.602+01:00  INFO 23056 --- [payMyBuddy] [restartedMain] o.apache.catalina.core.StandardEngine    : Starting Servlet engine: [Apache Tomcat/10.1.34]
2025-01-22T13:41:47.618+01:00  INFO 23056 --- [payMyBuddy] [restartedMain] o.a.c.c.C.[Tomcat].[localhost].[/]       : Initializing Spring embedded WebApplicationContext
2025-01-22T13:41:47.618+01:00  INFO 23056 --- [payMyBuddy] [restartedMain] w.s.c.ServletWebServerApplicationContext : Root WebApplicationContext: initialization completed in 198 ms
2025-01-22T13:41:47.635+01:00  INFO 23056 --- [payMyBuddy] [restartedMain] com.zaxxer.hikari.HikariDataSource       : HikariPool-8 - Starting...
2025-01-22T13:41:47.641+01:00  INFO 23056 --- [payMyBuddy] [restartedMain] com.zaxxer.hikari.pool.HikariPool        : HikariPool-8 - Added connection com.mysql.cj.jdbc.ConnectionImpl@297cfd9e
2025-01-22T13:41:47.641+01:00  INFO 23056 --- [payMyBuddy] [restartedMain] com.zaxxer.hikari.HikariDataSource       : HikariPool-8 - Start completed.
2025-01-22T13:41:47.651+01:00  INFO 23056 --- [payMyBuddy] [restartedMain] o.hibernate.jpa.internal.util.LogHelper  : HHH000204: Processing PersistenceUnitInfo [name: default]
2025-01-22T13:41:47.654+01:00  INFO 23056 --- [payMyBuddy] [restartedMain] o.h.c.internal.RegionFactoryInitiator    : HHH000026: Second-level cache disabled
2025-01-22T13:41:47.659+01:00  INFO 23056 --- [payMyBuddy] [restartedMain] o.s.o.j.p.SpringPersistenceUnitInfo      : No LoadTimeWeaver setup: ignoring JPA class transformer
2025-01-22T13:41:47.661+01:00  WARN 23056 --- [payMyBuddy] [restartedMain] org.hibernate.dialect.Dialect            : HHH000511: The 5.5.5 version for [org.hibernate.dialect.MySQLDialect] is no longer supported, hence certain features may not work properly. The minimum supported version is 8.0.0. Check the community dialects project for available legacy versions.
2025-01-22T13:41:47.662+01:00  INFO 23056 --- [payMyBuddy] [restartedMain] org.hibernate.orm.connections.pooling    : HHH10001005: Database info:
	Database JDBC URL [Connecting through datasource 'HikariDataSource (HikariPool-8)']
	Database driver: undefined/unknown
	Database version: 5.5.5
	Autocommit mode: undefined/unknown
	Isolation level: undefined/unknown
	Minimum pool size: undefined/unknown
	Maximum pool size: undefined/unknown
2025-01-22T13:41:47.728+01:00  INFO 23056 --- [payMyBuddy] [restartedMain] o.h.e.t.j.p.i.JtaPlatformInitiator       : HHH000489: No JTA platform available (set 'hibernate.transaction.jta.platform' to enable JTA platform integration)
2025-01-22T13:41:47.728+01:00  INFO 23056 --- [payMyBuddy] [restartedMain] j.LocalContainerEntityManagerFactoryBean : Initialized JPA EntityManagerFactory for persistence unit 'default'
2025-01-22T13:41:47.798+01:00  WARN 23056 --- [payMyBuddy] [restartedMain] JpaBaseConfiguration$JpaWebConfiguration : spring.jpa.open-in-view is enabled by default. Therefore, database queries may be performed during view rendering. Explicitly configure spring.jpa.open-in-view to disable this warning
2025-01-22T13:41:47.845+01:00  INFO 23056 --- [payMyBuddy] [restartedMain] o.s.b.a.h2.H2ConsoleAutoConfiguration    : H2 console available at '/h2-console'. Database available at 'jdbc:mysql://localhost:3306/paymybuddy'
2025-01-22T13:41:47.852+01:00  INFO 23056 --- [payMyBuddy] [restartedMain] o.s.b.d.a.OptionalLiveReloadServer       : LiveReload server is running on port 35729
2025-01-22T13:41:47.861+01:00  INFO 23056 --- [payMyBuddy] [restartedMain] o.s.b.w.embedded.tomcat.TomcatWebServer  : Tomcat started on port 5000 (http) with context path '/'
2025-01-22T13:41:47.866+01:00  INFO 23056 --- [payMyBuddy] [restartedMain] c.o.payMyBuddy.PayMyBuddyApplication     : Started PayMyBuddyApplication in 0.472 seconds (process running for 1230.035)
2025-01-22T13:41:47.867+01:00  INFO 23056 --- [payMyBuddy] [restartedMain] .ConditionEvaluationDeltaLoggingListener : Condition evaluation unchanged
2025-01-22T13:42:26.041+01:00  INFO 23056 --- [payMyBuddy] [http-nio-5000-exec-1] o.a.c.c.C.[Tomcat].[localhost].[/]       : Initializing Spring DispatcherServlet 'dispatcherServlet'
2025-01-22T13:42:26.041+01:00  INFO 23056 --- [payMyBuddy] [http-nio-5000-exec-1] o.s.web.servlet.DispatcherServlet        : Initializing Servlet 'dispatcherServlet'
2025-01-22T13:42:26.042+01:00  INFO 23056 --- [payMyBuddy] [http-nio-5000-exec-1] o.s.web.servlet.DispatcherServlet        : Completed initialization in 1 ms
2025-01-22T13:42:26.044+01:00  INFO 23056 --- [payMyBuddy] [http-nio-5000-exec-1] c.o.p.w.c.AuthenticationController       : Loading the registration page
2025-01-22T13:42:30.027+01:00  WARN 23056 --- [payMyBuddy] [http-nio-5000-exec-4] c.o.payMyBuddy.service.UserService       : User already exists with email or username: johny@example.com or johny.
2025-01-22T13:42:30.028+01:00 DEBUG 23056 --- [payMyBuddy] [http-nio-5000-exec-4] c.o.p.w.c.AuthenticationController       : User already exists : Username = johny, Email = johny@example.com
2025-01-22T13:42:30.042+01:00  INFO 23056 --- [payMyBuddy] [http-nio-5000-exec-3] c.o.p.w.c.AuthenticationController       : Loading the login page
2025-01-22T13:43:33.333+01:00  INFO 23056 --- [payMyBuddy] [File Watcher] rtingClassPathChangeChangedEventListener : Restarting due to 1 class path change (0 additions, 0 deletions, 1 modification)
2025-01-22T13:43:33.335+01:00  INFO 23056 --- [payMyBuddy] [Thread-31] o.s.b.w.e.tomcat.GracefulShutdown        : Commencing graceful shutdown. Waiting for active requests to complete
2025-01-22T13:43:33.874+01:00  INFO 23056 --- [payMyBuddy] [tomcat-shutdown] o.s.b.w.e.tomcat.GracefulShutdown        : Graceful shutdown complete
2025-01-22T13:43:33.875+01:00 ERROR 23056 --- [payMyBuddy] [http-nio-5000-Acceptor] org.apache.tomcat.util.net.Acceptor      : Socket accept failed

java.nio.channels.AsynchronousCloseException: null
	at java.base/java.nio.channels.spi.AbstractInterruptibleChannel.end(AbstractInterruptibleChannel.java:203) ~[na:na]
	at java.base/sun.nio.ch.ServerSocketChannelImpl.end(ServerSocketChannelImpl.java:383) ~[na:na]
	at java.base/sun.nio.ch.ServerSocketChannelImpl.accept(ServerSocketChannelImpl.java:407) ~[na:na]
	at org.apache.tomcat.util.net.NioEndpoint.serverSocketAccept(NioEndpoint.java:518) ~[tomcat-embed-core-10.1.34.jar:10.1.34]
	at org.apache.tomcat.util.net.NioEndpoint.serverSocketAccept(NioEndpoint.java:71) ~[tomcat-embed-core-10.1.34.jar:10.1.34]
	at org.apache.tomcat.util.net.Acceptor.run(Acceptor.java:128) ~[tomcat-embed-core-10.1.34.jar:10.1.34]
	at java.base/java.lang.Thread.run(Thread.java:1570) ~[na:na]

2025-01-22T13:43:33.877+01:00  WARN 23056 --- [payMyBuddy] [Thread-31] .s.c.a.CommonAnnotationBeanPostProcessor : Destroy method on bean with name 'appShutdownHandler' threw an exception: java.lang.IllegalStateException: No thread-bound request found: Are you referring to request attributes outside of an actual web request, or processing a request outside of the originally receiving thread? If you are actually operating within a web request and still receive this message, your code is probably running outside of DispatcherServlet: In this case, use RequestContextListener or RequestContextFilter to expose the current request.
2025-01-22T13:43:33.877+01:00  INFO 23056 --- [payMyBuddy] [Thread-31] j.LocalContainerEntityManagerFactoryBean : Closing JPA EntityManagerFactory for persistence unit 'default'
2025-01-22T13:43:33.877+01:00  INFO 23056 --- [payMyBuddy] [Thread-31] com.zaxxer.hikari.HikariDataSource       : HikariPool-8 - Shutdown initiated...
2025-01-22T13:43:33.879+01:00  INFO 23056 --- [payMyBuddy] [Thread-31] com.zaxxer.hikari.HikariDataSource       : HikariPool-8 - Shutdown completed.
2025-01-22T13:43:33.946+01:00  INFO 23056 --- [payMyBuddy] [restartedMain] c.o.payMyBuddy.PayMyBuddyApplication     : Starting PayMyBuddyApplication using Java 22.0.1 with PID 23056 (C:\Users\martel\Desktop\1-dev java\P6\P6-App\QuentinDevJava-Martel-Quentin-Pay-My-Buddy\target\classes started by martel in C:\Users\martel\Desktop\1-dev java\P6\P6-App\QuentinDevJava-Martel-Quentin-Pay-My-Buddy)
2025-01-22T13:43:33.946+01:00 DEBUG 23056 --- [payMyBuddy] [restartedMain] c.o.payMyBuddy.PayMyBuddyApplication     : Running with Spring Boot v3.4.1, Spring v6.2.1
2025-01-22T13:43:33.946+01:00  INFO 23056 --- [payMyBuddy] [restartedMain] c.o.payMyBuddy.PayMyBuddyApplication     : The following 1 profile is active: "prod"
2025-01-22T13:43:34.042+01:00  INFO 23056 --- [payMyBuddy] [restartedMain] .s.d.r.c.RepositoryConfigurationDelegate : Bootstrapping Spring Data JPA repositories in DEFAULT mode.
2025-01-22T13:43:34.049+01:00  INFO 23056 --- [payMyBuddy] [restartedMain] .s.d.r.c.RepositoryConfigurationDelegate : Finished Spring Data repository scanning in 6 ms. Found 2 JPA repository interfaces.
2025-01-22T13:43:34.098+01:00  INFO 23056 --- [payMyBuddy] [restartedMain] o.s.b.w.embedded.tomcat.TomcatWebServer  : Tomcat initialized with port 5000 (http)
2025-01-22T13:43:34.098+01:00  INFO 23056 --- [payMyBuddy] [restartedMain] o.apache.catalina.core.StandardService   : Starting service [Tomcat]
2025-01-22T13:43:34.098+01:00  INFO 23056 --- [payMyBuddy] [restartedMain] o.apache.catalina.core.StandardEngine    : Starting Servlet engine: [Apache Tomcat/10.1.34]
2025-01-22T13:43:34.115+01:00  INFO 23056 --- [payMyBuddy] [restartedMain] o.a.c.c.C.[Tomcat].[localhost].[/]       : Initializing Spring embedded WebApplicationContext
2025-01-22T13:43:34.115+01:00  INFO 23056 --- [payMyBuddy] [restartedMain] w.s.c.ServletWebServerApplicationContext : Root WebApplicationContext: initialization completed in 168 ms
2025-01-22T13:43:34.129+01:00  INFO 23056 --- [payMyBuddy] [restartedMain] com.zaxxer.hikari.HikariDataSource       : HikariPool-9 - Starting...
2025-01-22T13:43:34.134+01:00  INFO 23056 --- [payMyBuddy] [restartedMain] com.zaxxer.hikari.pool.HikariPool        : HikariPool-9 - Added connection com.mysql.cj.jdbc.ConnectionImpl@12293893
2025-01-22T13:43:34.134+01:00  INFO 23056 --- [payMyBuddy] [restartedMain] com.zaxxer.hikari.HikariDataSource       : HikariPool-9 - Start completed.
2025-01-22T13:43:34.144+01:00  INFO 23056 --- [payMyBuddy] [restartedMain] o.hibernate.jpa.internal.util.LogHelper  : HHH000204: Processing PersistenceUnitInfo [name: default]
2025-01-22T13:43:34.145+01:00  INFO 23056 --- [payMyBuddy] [restartedMain] o.h.c.internal.RegionFactoryInitiator    : HHH000026: Second-level cache disabled
2025-01-22T13:43:34.149+01:00  INFO 23056 --- [payMyBuddy] [restartedMain] o.s.o.j.p.SpringPersistenceUnitInfo      : No LoadTimeWeaver setup: ignoring JPA class transformer
2025-01-22T13:43:34.150+01:00  WARN 23056 --- [payMyBuddy] [restartedMain] org.hibernate.dialect.Dialect            : HHH000511: The 5.5.5 version for [org.hibernate.dialect.MySQLDialect] is no longer supported, hence certain features may not work properly. The minimum supported version is 8.0.0. Check the community dialects project for available legacy versions.
2025-01-22T13:43:34.150+01:00  INFO 23056 --- [payMyBuddy] [restartedMain] org.hibernate.orm.connections.pooling    : HHH10001005: Database info:
	Database JDBC URL [Connecting through datasource 'HikariDataSource (HikariPool-9)']
	Database driver: undefined/unknown
	Database version: 5.5.5
	Autocommit mode: undefined/unknown
	Isolation level: undefined/unknown
	Minimum pool size: undefined/unknown
	Maximum pool size: undefined/unknown
2025-01-22T13:43:34.182+01:00  INFO 23056 --- [payMyBuddy] [restartedMain] o.h.e.t.j.p.i.JtaPlatformInitiator       : HHH000489: No JTA platform available (set 'hibernate.transaction.jta.platform' to enable JTA platform integration)
2025-01-22T13:43:34.184+01:00  INFO 23056 --- [payMyBuddy] [restartedMain] j.LocalContainerEntityManagerFactoryBean : Initialized JPA EntityManagerFactory for persistence unit 'default'
2025-01-22T13:43:34.226+01:00  WARN 23056 --- [payMyBuddy] [restartedMain] JpaBaseConfiguration$JpaWebConfiguration : spring.jpa.open-in-view is enabled by default. Therefore, database queries may be performed during view rendering. Explicitly configure spring.jpa.open-in-view to disable this warning
2025-01-22T13:43:34.288+01:00  INFO 23056 --- [payMyBuddy] [restartedMain] o.s.b.a.h2.H2ConsoleAutoConfiguration    : H2 console available at '/h2-console'. Database available at 'jdbc:mysql://localhost:3306/paymybuddy'
2025-01-22T13:43:34.312+01:00  INFO 23056 --- [payMyBuddy] [restartedMain] o.s.b.d.a.OptionalLiveReloadServer       : LiveReload server is running on port 35729
2025-01-22T13:43:34.323+01:00  INFO 23056 --- [payMyBuddy] [restartedMain] o.s.b.w.embedded.tomcat.TomcatWebServer  : Tomcat started on port 5000 (http) with context path '/'
2025-01-22T13:43:34.325+01:00  INFO 23056 --- [payMyBuddy] [restartedMain] c.o.payMyBuddy.PayMyBuddyApplication     : Started PayMyBuddyApplication in 0.397 seconds (process running for 1336.494)
2025-01-22T13:43:34.326+01:00  INFO 23056 --- [payMyBuddy] [restartedMain] .ConditionEvaluationDeltaLoggingListener : Condition evaluation unchanged
